Using pre-set license
Built from '2020.2/release' branch; Version is '2020.2.2f1 (068178b99f32) revision 426360'; Using compiler version '192528614'; Build Type 'Release'
OS: 'Windows 10 Home Single Language; OS build 19043.1466; Version 2009; 64bit' Language: 'tr' Physical Memory: 16265 MB
BatchMode: 1, IsHumanControllingUs: 0, StartBugReporterOnCrash: 0, Is64bit: 1, IsPro: 0

 COMMAND LINE ARGUMENTS:
C:\Program Files\Unity\Hub\Editor\2020.2.2f1\Editor\Unity.exe
-adb2
-batchMode
-noUpm
-name
AssetImportWorker0
-projectPath
C:/Users/Esmanur/Desktop/New Projects/VRMultilayerTemplate/VRMultiplayerTemplate/VRMultiplayerTemplate
-logFile
Logs/AssetImportWorker0.log
-srvPort
63068
Successfully changed project path to: C:/Users/Esmanur/Desktop/New Projects/VRMultilayerTemplate/VRMultiplayerTemplate/VRMultiplayerTemplate
C:/Users/Esmanur/Desktop/New Projects/VRMultilayerTemplate/VRMultiplayerTemplate/VRMultiplayerTemplate
Using Asset Import Pipeline V2.
Refreshing native plugins compatible for Editor in 21.63 ms, found 0 plugins.
Preloading 0 native plugins for Editor in 0.00 ms.
Initialize engine version: 2020.2.2f1 (068178b99f32)
[Subsystems] Discovering subsystems at path C:/Program Files/Unity/Hub/Editor/2020.2.2f1/Editor/Data/Resources/UnitySubsystems
[Subsystems] Discovering subsystems at path C:/Users/Esmanur/Desktop/New Projects/VRMultilayerTemplate/VRMultiplayerTemplate/VRMultiplayerTemplate/Assets
GfxDevice: creating device client; threaded=0
Direct3D:
    Version:  Direct3D 11.0 [level 11.1]
    Renderer: NVIDIA GeForce GTX 1050 Ti (ID=0x1c8c)
    Vendor:   
    VRAM:     4018 MB
    Driver:   25.21.14.1634
Initialize mono
Mono path[0] = 'C:/Program Files/Unity/Hub/Editor/2020.2.2f1/Editor/Data/Managed'
Mono path[1] = 'C:/Program Files/Unity/Hub/Editor/2020.2.2f1/Editor/Data/MonoBleedingEdge/lib/mono/unityjit'
Mono config path = 'C:/Program Files/Unity/Hub/Editor/2020.2.2f1/Editor/Data/MonoBleedingEdge/etc'
Using monoOptions --debugger-agent=transport=dt_socket,embedding=1,server=y,suspend=n,address=127.0.0.1:56848
Begin MonoManager ReloadAssembly
Registering precompiled unity dll's ...
Register platform support module: C:/Program Files/Unity/Hub/Editor/2020.2.2f1/Editor/Data/PlaybackEngines/WindowsStandaloneSupport/UnityEditor.WindowsStandalone.Extensions.dll
Registered in 0.002142 seconds.
Native extension for WindowsStandalone target not found
Refreshing native plugins compatible for Editor in 21.62 ms, found 0 plugins.
Preloading 0 native plugins for Editor in 0.00 ms.
Invoked RoslynAnalysisRunner static constructor.
RoslynAnalysisRunner will not be running.
RoslynAnalysisRunner has terminated.
Mono: successfully reloaded assembly
- Completed reload, in  1.801 seconds
Platform modules already initialized, skipping
Registering precompiled user dll's ...
Registered in 0.000671 seconds.
Begin MonoManager ReloadAssembly
Native extension for WindowsStandalone target not found
Refreshing native plugins compatible for Editor in 0.18 ms, found 0 plugins.
Preloading 0 native plugins for Editor in 0.00 ms.
Invoked RoslynAnalysisRunner static constructor.
RoslynAnalysisRunner will not be running.
RoslynAnalysisRunner has terminated.
Mono: successfully reloaded assembly
- Completed reload, in  0.774 seconds
Platform modules already initialized, skipping
========================================================================
Worker process is ready to serve import requests
Launched and connected shader compiler UnityShaderCompiler.exe after 0.04 seconds
Refreshing native plugins compatible for Editor in 0.24 ms, found 0 plugins.
Preloading 0 native plugins for Editor in 0.00 ms.
Unloading 1099 Unused Serialized files (Serialized files now loaded: 0)
System memory in use before: 56.9 MB.
System memory in use after: 57.0 MB.

Unloading 10 unused Assets to reduce memory usage. Loaded Objects now: 1540.
Total: 1.552500 ms (FindLiveObjects: 0.123300 ms CreateObjectMapping: 0.034300 ms MarkObjects: 1.325300 ms  DeleteObjects: 0.068800 ms)

========================================================================
Received Import Request.
  path: Assets/Scenes
  artifactKey: Guid(d53addfad580b9c489fea0cc37e0dea2) Importer(815301076,1909f56bfc062723c751e8b465ee728b)
Start importing Assets/Scenes using Guid(d53addfad580b9c489fea0cc37e0dea2) Importer(815301076,1909f56bfc062723c751e8b465ee728b)  -> (artifact id: 'a5f1c31c7d7788f96815118c437fcbf6') in 0.010578 seconds
  Import took 0.012298 seconds .

========================================================================
Received Import Request.
  Time since last request: 5.179760 seconds.
  path: Assets/Scenes/SampleScene.unity
  artifactKey: Guid(9fc0d4010bbf28b4594072e72b8655ab) Importer(815301076,1909f56bfc062723c751e8b465ee728b)
Start importing Assets/Scenes/SampleScene.unity using Guid(9fc0d4010bbf28b4594072e72b8655ab) Importer(815301076,1909f56bfc062723c751e8b465ee728b)  -> (artifact id: '9831e44e2a700a6e1119228b2d38e767') in 0.013733 seconds
  Import took 0.015783 seconds .

========================================================================
Received Import Request.
  Time since last request: 6.151139 seconds.
  path: Assets/Scenes/Main.unity
  artifactKey: Guid(9fc0d4010bbf28b4594072e72b8655ab) Importer(815301076,1909f56bfc062723c751e8b465ee728b)
Start importing Assets/Scenes/Main.unity using Guid(9fc0d4010bbf28b4594072e72b8655ab) Importer(815301076,1909f56bfc062723c751e8b465ee728b)  -> (artifact id: 'e15eaf1e14edbed14a51714f7d9987d3') in 0.009204 seconds
  Import took 0.011481 seconds .

========================================================================
Received Import Request.
  Time since last request: 601.564768 seconds.
  path: Assets/IRONHEAD Games/Materials
  artifactKey: Guid(6e444da6aad13214e9a63aa00dd6e9c8) Importer(815301076,1909f56bfc062723c751e8b465ee728b)
Start importing Assets/IRONHEAD Games/Materials using Guid(6e444da6aad13214e9a63aa00dd6e9c8) Importer(815301076,1909f56bfc062723c751e8b465ee728b)  -> (artifact id: '3c5b05bda4ff4210d474c227b59b1129') in 0.008417 seconds
  Import took 0.010397 seconds .

========================================================================
Received Import Request.
  Time since last request: 0.538477 seconds.
  path: Assets/IRONHEAD Games/Scenes
  artifactKey: Guid(d2f161c53dbdbbd46997eba0a0da121c) Importer(815301076,1909f56bfc062723c751e8b465ee728b)
Start importing Assets/IRONHEAD Games/Scenes using Guid(d2f161c53dbdbbd46997eba0a0da121c) Importer(815301076,1909f56bfc062723c751e8b465ee728b)  -> (artifact id: '5fee5cf21ab9f6c44df07660e2f8f1aa') in 0.004129 seconds
  Import took 0.006331 seconds .

========================================================================
Received Import Request.
  Time since last request: 1.169147 seconds.
  path: Assets/IRONHEAD Games/Scenes/World_School.unity
  artifactKey: Guid(b72244336204212439510723e69fa9f9) Importer(815301076,1909f56bfc062723c751e8b465ee728b)
Start importing Assets/IRONHEAD Games/Scenes/World_School.unity using Guid(b72244336204212439510723e69fa9f9) Importer(815301076,1909f56bfc062723c751e8b465ee728b)  -> (artifact id: 'ad6c31a073384b0d22752766c3ef3c7e') in 0.008665 seconds
  Import took 0.010266 seconds .

========================================================================
Received Import Request.
  Time since last request: 6.165075 seconds.
  path: Assets/IRONHEAD Games/Scenes/World_Outdoor.unity
  artifactKey: Guid(5041d70b592f91c4c8b6824c2ef6484f) Importer(815301076,1909f56bfc062723c751e8b465ee728b)
Start importing Assets/IRONHEAD Games/Scenes/World_Outdoor.unity using Guid(5041d70b592f91c4c8b6824c2ef6484f) Importer(815301076,1909f56bfc062723c751e8b465ee728b)  -> (artifact id: '7a15b48b13ed161ef697f14a91c67bce') in 0.010666 seconds
  Import took 0.013626 seconds .

========================================================================
Received Import Request.
  Time since last request: 4.911024 seconds.
  path: Assets/IRONHEAD Games/Scenes/LoginScene.unity
  artifactKey: Guid(b3049d4882a276f4dbae81c84962e9ed) Importer(815301076,1909f56bfc062723c751e8b465ee728b)
Start importing Assets/IRONHEAD Games/Scenes/LoginScene.unity using Guid(b3049d4882a276f4dbae81c84962e9ed) Importer(815301076,1909f56bfc062723c751e8b465ee728b)  -> (artifact id: 'af795c141ee8dfa04e367efe407de404') in 0.008156 seconds
  Import took 0.009905 seconds .

========================================================================
Received Import Request.
  Time since last request: 2.901590 seconds.
  path: Assets/IRONHEAD Games/Scenes/HomeScene.unity
  artifactKey: Guid(66249e54836b48a42acadcc57da3e448) Importer(815301076,1909f56bfc062723c751e8b465ee728b)
Start importing Assets/IRONHEAD Games/Scenes/HomeScene.unity using Guid(66249e54836b48a42acadcc57da3e448) Importer(815301076,1909f56bfc062723c751e8b465ee728b)  -> (artifact id: 'ad784d2e548dc5562d5f0869ad47adea') in 0.007284 seconds
  Import took 0.008953 seconds .

========================================================================
Received Import Request.
  Time since last request: 0.000687 seconds.
  path: Assets/IRONHEAD Games/Scenes/HomeScene.unity
  artifactKey: Guid(66249e54836b48a42acadcc57da3e448) Importer(815301076,1909f56bfc062723c751e8b465ee728b)
Start importing Assets/IRONHEAD Games/Scenes/HomeScene.unity using Guid(66249e54836b48a42acadcc57da3e448) Importer(815301076,1909f56bfc062723c751e8b465ee728b)  -> (artifact id: 'ad784d2e548dc5562d5f0869ad47adea') in 0.002082 seconds
  Import took 0.003691 seconds .

========================================================================
Received Prepare
Registering precompiled user dll's ...
Registered in 0.000655 seconds.
Begin MonoManager ReloadAssembly
Native extension for WindowsStandalone target not found
Refreshing native plugins compatible for Editor in 0.28 ms, found 0 plugins.
Preloading 0 native plugins for Editor in 0.00 ms.
Invoked RoslynAnalysisRunner static constructor.
RoslynAnalysisRunner will not be running.
RoslynAnalysisRunner has terminated.
Mono: successfully reloaded assembly
- Completed reload, in  0.803 seconds
Platform modules already initialized, skipping
Switching build target platform(5) subTarget(0) extendedPlatform(0) -> platform(13) subTarget(537395200) extendedPlatform(0)
Refreshing native plugins compatible for Editor in 0.20 ms, found 0 plugins.
Preloading 0 native plugins for Editor in 0.00 ms.
Unloading 1109 Unused Serialized files (Serialized files now loaded: 0)
System memory in use before: 58.5 MB.
System memory in use after: 58.0 MB.

Unloading 16 unused Assets to reduce memory usage. Loaded Objects now: 1542.
Total: 1.854400 ms (FindLiveObjects: 0.184500 ms CreateObjectMapping: 0.055500 ms MarkObjects: 1.376700 ms  DeleteObjects: 0.236900 ms)

AssetImportParameters requested are different than current active one (requested -> active):
  custom:graphics/normal-map-encoding: 01000000000000000000000000000000 -> 02000000000000000000000000000000
========================================================================
Received Prepare
Refreshing native plugins compatible for Editor in 0.71 ms, found 0 plugins.
Preloading 0 native plugins for Editor in 0.00 ms.
Unloading 14 Unused Serialized files (Serialized files now loaded: 0)
System memory in use before: 36.5 MB.
System memory in use after: 36.0 MB.

Unloading 14 unused Assets to reduce memory usage. Loaded Objects now: 1542.
Total: 2.254300 ms (FindLiveObjects: 0.330900 ms CreateObjectMapping: 0.042800 ms MarkObjects: 1.618300 ms  DeleteObjects: 0.261000 ms)

========================================================================
Received Prepare
Refreshing native plugins compatible for Editor in 0.73 ms, found 0 plugins.
Preloading 0 native plugins for Editor in 0.00 ms.
Unloading 14 Unused Serialized files (Serialized files now loaded: 0)
System memory in use before: 36.5 MB.
System memory in use after: 36.1 MB.

Unloading 14 unused Assets to reduce memory usage. Loaded Objects now: 1542.
Total: 2.118800 ms (FindLiveObjects: 0.125600 ms CreateObjectMapping: 0.034700 ms MarkObjects: 1.702000 ms  DeleteObjects: 0.255300 ms)

========================================================================
Received Prepare
Registering precompiled user dll's ...
Registered in 0.000737 seconds.
Begin MonoManager ReloadAssembly
Native extension for WindowsStandalone target not found
Refreshing native plugins compatible for Editor in 0.29 ms, found 0 plugins.
Preloading 0 native plugins for Editor in 0.00 ms.
Invoked RoslynAnalysisRunner static constructor.
RoslynAnalysisRunner will not be running.
RoslynAnalysisRunner has terminated.
Mono: successfully reloaded assembly
- Completed reload, in  0.779 seconds
Platform modules already initialized, skipping
Switching build target platform(5) subTarget(0) extendedPlatform(0) -> platform(13) subTarget(537395206) extendedPlatform(0)
Refreshing native plugins compatible for Editor in 0.21 ms, found 0 plugins.
Preloading 0 native plugins for Editor in 0.00 ms.
Unloading 1186 Unused Serialized files (Serialized files now loaded: 0)
System memory in use before: 61.2 MB.
System memory in use after: 60.7 MB.

Unloading 16 unused Assets to reduce memory usage. Loaded Objects now: 1622.
Total: 1.952600 ms (FindLiveObjects: 0.164400 ms CreateObjectMapping: 0.061700 ms MarkObjects: 1.480700 ms  DeleteObjects: 0.243600 ms)

AssetImportParameters requested are different than current active one (requested -> active):
  custom:graphics/normal-map-encoding: 01000000000000000000000000000000 -> 02000000000000000000000000000000
========================================================================
Received Prepare
Registering precompiled user dll's ...
Registered in 0.001793 seconds.
Begin MonoManager ReloadAssembly
Native extension for WindowsStandalone target not found
Refreshing native plugins compatible for Editor in 0.33 ms, found 3 plugins.
Preloading 1 native plugins for Editor in 0.85 ms.
Invoked RoslynAnalysisRunner static constructor.
RoslynAnalysisRunner will not be running.
RoslynAnalysisRunner has terminated.
[XR] OculusXRPlugin: registering subsystems
[XR] Unable to register display lifecyle provider: [1]
[XR] Oculus Input lifecycle provider registered.
[XR] Unable to register input lifecyle provider: [1]
NullReferenceException: Object reference not set to an instance of an object
  at Unity.XR.Oculus.OculusLoader.AssetPathToAbsolutePath (System.String assetPath) [0x00048] in C:\Users\Esmanur\Desktop\New Projects\VRMultilayerTemplate\VRMultiplayerTemplate\VRMultiplayerTemplate\Library\PackageCache\com.unity.xr.oculus@1.6.1\Runtime\OculusLoader.cs:242 
  at Unity.XR.Oculus.OculusLoader.EditorLoadOVRPlugin () [0x0007b] in C:\Users\Esmanur\Desktop\New Projects\VRMultilayerTemplate\VRMultiplayerTemplate\VRMultiplayerTemplate\Library\PackageCache\com.unity.xr.oculus@1.6.1\Runtime\OculusLoader.cs:227 

(Filename: Library/PackageCache/com.unity.xr.oculus@1.6.1/Runtime/OculusLoader.cs Line: 242)

Mono: successfully reloaded assembly
- Completed reload, in  0.798 seconds
Platform modules already initialized, skipping
Switching build target platform(5) subTarget(0) extendedPlatform(0) -> platform(13) subTarget(524294) extendedPlatform(0)
Refreshing native plugins compatible for Editor in 0.30 ms, found 3 plugins.
Preloading 1 native plugins for Editor in 0.08 ms.
Unloading 1213 Unused Serialized files (Serialized files now loaded: 0)
System memory in use before: 62.0 MB.
System memory in use after: 61.6 MB.

Unloading 18 unused Assets to reduce memory usage. Loaded Objects now: 1651.
Total: 2.103300 ms (FindLiveObjects: 0.129300 ms CreateObjectMapping: 0.038000 ms MarkObjects: 1.613300 ms  DeleteObjects: 0.321700 ms)

AssetImportParameters requested are different than current active one (requested -> active):
  buildTarget: platform 13, subtarget 524294, extendedPlatform 0 -> platform 13, subtarget 537395206, extendedPlatform 0
  graphicsApiMask: 2048 -> 2099200
  custom:graphics/normal-map-encoding: 01000000000000000000000000000000 -> 02000000000000000000000000000000
========================================================================
Received Prepare
Refreshing native plugins compatible for Editor in 1.12 ms, found 3 plugins.
Preloading 1 native plugins for Editor in 0.07 ms.
Unloading 15 Unused Serialized files (Serialized files now loaded: 0)
System memory in use before: 37.9 MB.
System memory in use after: 37.5 MB.

Unloading 15 unused Assets to reduce memory usage. Loaded Objects now: 1651.
Total: 2.283200 ms (FindLiveObjects: 0.228900 ms CreateObjectMapping: 0.068400 ms MarkObjects: 1.732500 ms  DeleteObjects: 0.251300 ms)

AssetImportParameters requested are different than current active one (requested -> active):
  colorSpace: 1 -> 0
AssetImportWorkerClient::OnTransportError - code=2 error=End of file
